2020-10-25 10:54:11 0 [Note] InnoDB: Using Linux native AIO
2020-10-25 10:54:11 0 [Note] InnoDB: The first innodb_system data file 'ibdata1' did not exist. A new tablespace will be created!
2020-10-25 10:54:11 0 [Note] InnoDB: Mutexes and rw_locks use GCC atomic builtins
2020-10-25 10:54:11 0 [Note] InnoDB: Uses event mutexes
2020-10-25 10:54:11 0 [Note] InnoDB: Compressed tables use zlib 1.2.11
2020-10-25 10:54:11 0 [Note] InnoDB: Number of pools: 1
2020-10-25 10:54:11 0 [Note] InnoDB: Using SSE2 crc32 instructions
2020-10-25 10:54:11 0 [Note] InnoDB: Initializing buffer pool, total size = 128M, instances = 1, chunk size = 128M
2020-10-25 10:54:11 0 [Note] InnoDB: Completed initialization of buffer pool
2020-10-25 10:54:11 0 [Note] InnoDB: If the mysqld execution user is authorized, page cleaner thread priority can be changed. See the man page of setpriority().
2020-10-25 10:54:11 0 [Note] InnoDB: Setting file './ibdata1' size to 12 MB. Physically writing the file full; Please wait ...
2020-10-25 10:54:11 0 [Note] InnoDB: File './ibdata1' size is now 12 MB.
2020-10-25 10:54:11 0 [Note] InnoDB: Setting log file ./ib_logfile101 size to 50331648 bytes
2020-10-25 10:54:11 0 [Note] InnoDB: Setting log file ./ib_logfile1 size to 50331648 bytes
2020-10-25 10:54:11 0 [Note] InnoDB: Renaming log file ./ib_logfile101 to ./ib_logfile0
2020-10-25 10:54:11 0 [Note] InnoDB: New log files created, LSN=45786
2020-10-25 10:54:11 0 [Note] InnoDB: Doublewrite buffer not found: creating new
2020-10-25 10:54:11 0 [Note] InnoDB: Doublewrite buffer created
2020-10-25 10:54:11 0 [Note] InnoDB: 128 out of 128 rollback segments are active.
2020-10-25 10:54:11 0 [Note] InnoDB: Creating foreign key constraint system tables.
2020-10-25 10:54:11 0 [Note] InnoDB: Creating tablespace and datafile system tables.
2020-10-25 10:54:11 0 [Note] InnoDB: Creating sys_virtual system tables.
2020-10-25 10:54:11 0 [Note] InnoDB: Creating shared tablespace for temporary tables
2020-10-25 10:54:11 0 [Note] InnoDB: Setting file './ibtmp1' size to 12 MB. Physically writing the file full; Please wait ...
2020-10-25 10:54:11 0 [Note] InnoDB: File './ibtmp1' size is now 12 MB.
2020-10-25 10:54:11 0 [Note] InnoDB: 10.3.13 started; log sequence number 0; transaction id 7
2020-10-25 10:54:11 0 [Note] Plugin 'FEEDBACK' is disabled.
2020-10-25 10:54:11 0 [Note] Server socket created on IP: '0.0.0.0'.
2020-10-25 10:54:11 6 [Warning] Failed to load slave replication state from table mysql.gtid_slave_pos: 1932: Table 'mysql.gtid_slave_pos' doesn't exist in engine
2020-10-25 10:54:11 0 [Note] Reading of all Master_info entries succeded
2020-10-25 10:54:11 0 [Note] Added new Master_info '' to hash table
2020-10-25 10:54:11 0 [Note] /opt/zbox/run/mysql/mysqld: ready for connections.
Version: '10.3.13-MariaDB'  socket: '/opt/zbox/tmp/mysql/mysql.sock'  port: 3306  Source distribution
2020-10-25 13:32:52 0 [Note] InnoDB: Using Linux native AIO
2020-10-25 13:32:52 0 [Note] InnoDB: Mutexes and rw_locks use GCC atomic builtins
2020-10-25 13:32:52 0 [Note] InnoDB: Uses event mutexes
2020-10-25 13:32:52 0 [Note] InnoDB: Compressed tables use zlib 1.2.11
2020-10-25 13:32:52 0 [Note] InnoDB: Number of pools: 1
2020-10-25 13:32:52 0 [Note] InnoDB: Using SSE2 crc32 instructions
2020-10-25 13:32:52 0 [Note] InnoDB: Initializing buffer pool, total size = 128M, instances = 1, chunk size = 128M
2020-10-25 13:32:52 0 [Note] InnoDB: Completed initialization of buffer pool
2020-10-25 13:32:52 0 [Note] InnoDB: If the mysqld execution user is authorized, page cleaner thread priority can be changed. See the man page of setpriority().
2020-10-25 13:32:52 0 [Note] InnoDB: Starting crash recovery from checkpoint LSN=1603968
2020-10-25 13:32:52 0 [Note] InnoDB: 128 out of 128 rollback segments are active.
2020-10-25 13:32:52 0 [Note] InnoDB: Removed temporary tablespace data file: "ibtmp1"
2020-10-25 13:32:52 0 [Note] InnoDB: Creating shared tablespace for temporary tables
2020-10-25 13:32:52 0 [Note] InnoDB: Setting file './ibtmp1' size to 12 MB. Physically writing the file full; Please wait ...
2020-10-25 13:32:52 0 [Note] InnoDB: File './ibtmp1' size is now 12 MB.
2020-10-25 13:32:52 0 [Note] InnoDB: Waiting for purge to start
2020-10-25 13:32:52 0 [Note] InnoDB: 10.3.13 started; log sequence number 1603977; transaction id 9
2020-10-25 13:32:52 0 [Note] InnoDB: Loading buffer pool(s) from /opt/zbox/data/mysql/ib_buffer_pool
2020-10-25 13:32:52 0 [Note] InnoDB: Cannot open '/opt/zbox/data/mysql/ib_buffer_pool' for reading: No such file or directory
2020-10-25 13:32:52 0 [Note] Plugin 'FEEDBACK' is disabled.
2020-10-25 13:32:52 0 [Note] Recovering after a crash using tc.log
2020-10-25 13:32:52 0 [Note] Starting crash recovery...
2020-10-25 13:32:52 0 [Note] Crash recovery finished.
2020-10-25 13:32:52 0 [Note] Server socket created on IP: '0.0.0.0'.
2020-10-25 13:32:53 6 [Warning] Failed to load slave replication state from table mysql.gtid_slave_pos: 1932: Table 'mysql.gtid_slave_pos' doesn't exist in engine
2020-10-25 13:32:53 0 [Note] Reading of all Master_info entries succeded
2020-10-25 13:32:53 0 [Note] Added new Master_info '' to hash table
2020-10-25 13:32:53 0 [Note] /opt/zbox/run/mysql/mysqld: ready for connections.
Version: '10.3.13-MariaDB'  socket: '/opt/zbox/tmp/mysql/mysql.sock'  port: 3306  Source distribution
2020-10-25 13:40:40 8 [ERROR] mysqld: Table './zentao/zt_config' is marked as crashed and should be repaired
2020-10-25 13:40:40 8 [Warning] Checking table:   './zentao/zt_config'
2020-10-25 13:40:40 8 [ERROR] mysqld: Table './zentao/zt_company' is marked as crashed and should be repaired
2020-10-25 13:40:40 8 [Warning] Checking table:   './zentao/zt_company'
2020-10-25 13:40:41 9 [ERROR] mysqld: Table './zentao/zt_cron' is marked as crashed and should be repaired
2020-10-25 13:40:41 9 [Warning] Checking table:   './zentao/zt_cron'
2020-10-25 14:01:49 0 [Note] InnoDB: Using Linux native AIO
2020-10-25 14:01:49 0 [Note] InnoDB: Mutexes and rw_locks use GCC atomic builtins
2020-10-25 14:01:49 0 [Note] InnoDB: Uses event mutexes
2020-10-25 14:01:49 0 [Note] InnoDB: Compressed tables use zlib 1.2.11
2020-10-25 14:01:49 0 [Note] InnoDB: Number of pools: 1
2020-10-25 14:01:49 0 [Note] InnoDB: Using SSE2 crc32 instructions
2020-10-25 14:01:49 0 [Note] InnoDB: Initializing buffer pool, total size = 128M, instances = 1, chunk size = 128M
2020-10-25 14:01:49 0 [Note] InnoDB: Completed initialization of buffer pool
2020-10-25 14:01:49 0 [Note] InnoDB: If the mysqld execution user is authorized, page cleaner thread priority can be changed. See the man page of setpriority().
2020-10-25 14:01:49 0 [Note] InnoDB: Starting crash recovery from checkpoint LSN=1603986
2020-10-25 14:01:49 0 [Note] InnoDB: 128 out of 128 rollback segments are active.
2020-10-25 14:01:49 0 [Note] InnoDB: Removed temporary tablespace data file: "ibtmp1"
2020-10-25 14:01:49 0 [Note] InnoDB: Creating shared tablespace for temporary tables
2020-10-25 14:01:49 0 [Note] InnoDB: Setting file './ibtmp1' size to 12 MB. Physically writing the file full; Please wait ...
2020-10-25 14:01:49 0 [Note] InnoDB: File './ibtmp1' size is now 12 MB.
2020-10-25 14:01:49 0 [Note] InnoDB: Waiting for purge to start
2020-10-25 14:01:49 0 [Note] InnoDB: 10.3.13 started; log sequence number 1603995; transaction id 9
2020-10-25 14:01:49 0 [Note] InnoDB: Loading buffer pool(s) from /opt/zbox/data/mysql/ib_buffer_pool
2020-10-25 14:01:49 0 [Note] InnoDB: Cannot open '/opt/zbox/data/mysql/ib_buffer_pool' for reading: No such file or directory
2020-10-25 14:01:49 0 [Note] Plugin 'FEEDBACK' is disabled.
2020-10-25 14:01:49 0 [Note] Recovering after a crash using tc.log
2020-10-25 14:01:49 0 [Note] Starting crash recovery...
2020-10-25 14:01:49 0 [Note] Crash recovery finished.
2020-10-25 14:01:49 0 [Note] Server socket created on IP: '0.0.0.0'.
2020-10-25 14:01:49 6 [Warning] Failed to load slave replication state from table mysql.gtid_slave_pos: 1932: Table 'mysql.gtid_slave_pos' doesn't exist in engine
2020-10-25 14:01:49 0 [Note] Reading of all Master_info entries succeded
2020-10-25 14:01:49 0 [Note] Added new Master_info '' to hash table
2020-10-25 14:01:49 0 [Note] /opt/zbox/run/mysql/mysqld: ready for connections.
Version: '10.3.13-MariaDB'  socket: '/opt/zbox/tmp/mysql/mysql.sock'  port: 3306  Source distribution
2020-10-25 14:16:38 0 [Note] InnoDB: Using Linux native AIO
2020-10-25 14:16:38 0 [Note] InnoDB: Mutexes and rw_locks use GCC atomic builtins
2020-10-25 14:16:38 0 [Note] InnoDB: Uses event mutexes
2020-10-25 14:16:38 0 [Note] InnoDB: Compressed tables use zlib 1.2.11
2020-10-25 14:16:38 0 [Note] InnoDB: Number of pools: 1
2020-10-25 14:16:38 0 [Note] InnoDB: Using SSE2 crc32 instructions
2020-10-25 14:16:38 0 [Note] InnoDB: Initializing buffer pool, total size = 128M, instances = 1, chunk size = 128M
2020-10-25 14:16:38 0 [Note] InnoDB: Completed initialization of buffer pool
2020-10-25 14:16:38 0 [Note] InnoDB: If the mysqld execution user is authorized, page cleaner thread priority can be changed. See the man page of setpriority().
2020-10-25 14:16:38 0 [Note] InnoDB: Starting crash recovery from checkpoint LSN=1604004
2020-10-25 14:16:38 0 [Note] InnoDB: 128 out of 128 rollback segments are active.
2020-10-25 14:16:38 0 [Note] InnoDB: Removed temporary tablespace data file: "ibtmp1"
2020-10-25 14:16:38 0 [Note] InnoDB: Creating shared tablespace for temporary tables
2020-10-25 14:16:38 0 [Note] InnoDB: Setting file './ibtmp1' size to 12 MB. Physically writing the file full; Please wait ...
2020-10-25 14:16:38 0 [Note] InnoDB: File './ibtmp1' size is now 12 MB.
2020-10-25 14:16:38 0 [Note] InnoDB: Waiting for purge to start
2020-10-25 14:16:38 0 [Note] InnoDB: 10.3.13 started; log sequence number 1604013; transaction id 9
2020-10-25 14:16:38 0 [Note] InnoDB: Loading buffer pool(s) from /opt/zbox/data/mysql/ib_buffer_pool
2020-10-25 14:16:38 0 [Note] InnoDB: Cannot open '/opt/zbox/data/mysql/ib_buffer_pool' for reading: No such file or directory
2020-10-25 14:16:38 0 [Note] Plugin 'FEEDBACK' is disabled.
2020-10-25 14:16:38 0 [Note] Recovering after a crash using tc.log
2020-10-25 14:16:38 0 [Note] Starting crash recovery...
2020-10-25 14:16:38 0 [Note] Crash recovery finished.
2020-10-25 14:16:38 0 [Note] Server socket created on IP: '0.0.0.0'.
2020-10-25 14:16:38 6 [Warning] Failed to load slave replication state from table mysql.gtid_slave_pos: 1932: Table 'mysql.gtid_slave_pos' doesn't exist in engine
2020-10-25 14:16:38 0 [Note] Reading of all Master_info entries succeded
2020-10-25 14:16:38 0 [Note] Added new Master_info '' to hash table
2020-10-25 14:16:38 0 [Note] /opt/zbox/run/mysql/mysqld: ready for connections.
Version: '10.3.13-MariaDB'  socket: '/opt/zbox/tmp/mysql/mysql.sock'  port: 3306  Source distribution
2020-10-25 14:19:47 0 [Note] InnoDB: Using Linux native AIO
2020-10-25 14:19:47 0 [Note] InnoDB: Mutexes and rw_locks use GCC atomic builtins
2020-10-25 14:19:47 0 [Note] InnoDB: Uses event mutexes
2020-10-25 14:19:47 0 [Note] InnoDB: Compressed tables use zlib 1.2.11
2020-10-25 14:19:47 0 [Note] InnoDB: Number of pools: 1
2020-10-25 14:19:47 0 [Note] InnoDB: Using SSE2 crc32 instructions
2020-10-25 14:19:47 0 [Note] InnoDB: Initializing buffer pool, total size = 128M, instances = 1, chunk size = 128M
2020-10-25 14:19:47 0 [Note] InnoDB: Completed initialization of buffer pool
2020-10-25 14:19:47 0 [Note] InnoDB: If the mysqld execution user is authorized, page cleaner thread priority can be changed. See the man page of setpriority().
2020-10-25 14:19:47 0 [Note] InnoDB: Starting crash recovery from checkpoint LSN=1604022
2020-10-25 14:19:47 0 [Note] InnoDB: 128 out of 128 rollback segments are active.
2020-10-25 14:19:47 0 [Note] InnoDB: Removed temporary tablespace data file: "ibtmp1"
2020-10-25 14:19:47 0 [Note] InnoDB: Creating shared tablespace for temporary tables
2020-10-25 14:19:47 0 [Note] InnoDB: Setting file './ibtmp1' size to 12 MB. Physically writing the file full; Please wait ...
2020-10-25 14:19:47 0 [Note] InnoDB: File './ibtmp1' size is now 12 MB.
2020-10-25 14:19:47 0 [Note] InnoDB: Waiting for purge to start
2020-10-25 14:19:47 0 [Note] InnoDB: 10.3.13 started; log sequence number 1604031; transaction id 9
2020-10-25 14:19:47 0 [Note] InnoDB: Loading buffer pool(s) from /opt/zbox/data/mysql/ib_buffer_pool
2020-10-25 14:19:47 0 [Note] InnoDB: Cannot open '/opt/zbox/data/mysql/ib_buffer_pool' for reading: No such file or directory
2020-10-25 14:19:47 0 [Note] Plugin 'FEEDBACK' is disabled.
2020-10-25 14:19:47 0 [Note] Recovering after a crash using tc.log
2020-10-25 14:19:47 0 [Note] Starting crash recovery...
2020-10-25 14:19:47 0 [Note] Crash recovery finished.
2020-10-25 14:19:47 0 [Note] Server socket created on IP: '0.0.0.0'.
2020-10-25 14:19:47 6 [Warning] Failed to load slave replication state from table mysql.gtid_slave_pos: 1932: Table 'mysql.gtid_slave_pos' doesn't exist in engine
2020-10-25 14:19:47 0 [Note] Reading of all Master_info entries succeded
2020-10-25 14:19:47 0 [Note] Added new Master_info '' to hash table
2020-10-25 14:19:47 0 [Note] /opt/zbox/run/mysql/mysqld: ready for connections.
Version: '10.3.13-MariaDB'  socket: '/opt/zbox/tmp/mysql/mysql.sock'  port: 3306  Source distribution
2020-10-25 14:28:51 0 [Note] InnoDB: Using Linux native AIO
2020-10-25 14:28:51 0 [Note] InnoDB: Mutexes and rw_locks use GCC atomic builtins
2020-10-25 14:28:51 0 [Note] InnoDB: Uses event mutexes
2020-10-25 14:28:51 0 [Note] InnoDB: Compressed tables use zlib 1.2.11
2020-10-25 14:28:51 0 [Note] InnoDB: Number of pools: 1
2020-10-25 14:28:51 0 [Note] InnoDB: Using SSE2 crc32 instructions
2020-10-25 14:28:51 0 [Note] InnoDB: Initializing buffer pool, total size = 128M, instances = 1, chunk size = 128M
2020-10-25 14:28:51 0 [Note] InnoDB: Completed initialization of buffer pool
2020-10-25 14:28:51 0 [Note] InnoDB: If the mysqld execution user is authorized, page cleaner thread priority can be changed. See the man page of setpriority().
2020-10-25 14:28:51 0 [Note] InnoDB: Starting crash recovery from checkpoint LSN=1604040
2020-10-25 14:28:52 0 [Note] InnoDB: 128 out of 128 rollback segments are active.
2020-10-25 14:28:52 0 [Note] InnoDB: Removed temporary tablespace data file: "ibtmp1"
2020-10-25 14:28:52 0 [Note] InnoDB: Creating shared tablespace for temporary tables
2020-10-25 14:28:52 0 [Note] InnoDB: Setting file './ibtmp1' size to 12 MB. Physically writing the file full; Please wait ...
2020-10-25 14:28:52 0 [Note] InnoDB: File './ibtmp1' size is now 12 MB.
2020-10-25 14:28:52 0 [Note] InnoDB: Waiting for purge to start
2020-10-25 14:28:52 0 [Note] InnoDB: 10.3.13 started; log sequence number 1604049; transaction id 9
2020-10-25 14:28:52 0 [Note] InnoDB: Loading buffer pool(s) from /opt/zbox/data/mysql/ib_buffer_pool
2020-10-25 14:28:52 0 [Note] InnoDB: Cannot open '/opt/zbox/data/mysql/ib_buffer_pool' for reading: No such file or directory
2020-10-25 14:28:52 0 [Note] Plugin 'FEEDBACK' is disabled.
2020-10-25 14:28:52 0 [Note] Recovering after a crash using tc.log
2020-10-25 14:28:52 0 [Note] Starting crash recovery...
2020-10-25 14:28:52 0 [Note] Crash recovery finished.
2020-10-25 14:28:52 0 [Note] Server socket created on IP: '0.0.0.0'.
2020-10-25 14:28:52 6 [Warning] Failed to load slave replication state from table mysql.gtid_slave_pos: 1932: Table 'mysql.gtid_slave_pos' doesn't exist in engine
2020-10-25 14:28:52 0 [Note] Reading of all Master_info entries succeded
2020-10-25 14:28:52 0 [Note] Added new Master_info '' to hash table
2020-10-25 14:28:52 0 [Note] /opt/zbox/run/mysql/mysqld: ready for connections.
Version: '10.3.13-MariaDB'  socket: '/opt/zbox/tmp/mysql/mysql.sock'  port: 3306  Source distribution
2020-10-25 15:53:17 0 [Note] InnoDB: Using Linux native AIO
2020-10-25 15:53:17 0 [Note] InnoDB: Mutexes and rw_locks use GCC atomic builtins
2020-10-25 15:53:17 0 [Note] InnoDB: Uses event mutexes
2020-10-25 15:53:17 0 [Note] InnoDB: Compressed tables use zlib 1.2.11
2020-10-25 15:53:17 0 [Note] InnoDB: Number of pools: 1
2020-10-25 15:53:17 0 [Note] InnoDB: Using SSE2 crc32 instructions
2020-10-25 15:53:17 0 [Note] InnoDB: Initializing buffer pool, total size = 128M, instances = 1, chunk size = 128M
2020-10-25 15:53:17 0 [Note] InnoDB: Completed initialization of buffer pool
2020-10-25 15:53:17 0 [Note] InnoDB: If the mysqld execution user is authorized, page cleaner thread priority can be changed. See the man page of setpriority().
2020-10-25 15:53:17 0 [Note] InnoDB: Starting crash recovery from checkpoint LSN=1604058
2020-10-25 15:53:17 0 [Note] InnoDB: 128 out of 128 rollback segments are active.
2020-10-25 15:53:17 0 [Note] InnoDB: Removed temporary tablespace data file: "ibtmp1"
2020-10-25 15:53:17 0 [Note] InnoDB: Creating shared tablespace for temporary tables
2020-10-25 15:53:17 0 [Note] InnoDB: Setting file './ibtmp1' size to 12 MB. Physically writing the file full; Please wait ...
2020-10-25 15:53:17 0 [Note] InnoDB: File './ibtmp1' size is now 12 MB.
2020-10-25 15:53:17 0 [Note] InnoDB: 10.3.13 started; log sequence number 1604067; transaction id 9
2020-10-25 15:53:17 0 [Note] InnoDB: Loading buffer pool(s) from /opt/zbox/data/mysql/ib_buffer_pool
2020-10-25 15:53:17 0 [Note] InnoDB: Cannot open '/opt/zbox/data/mysql/ib_buffer_pool' for reading: No such file or directory
2020-10-25 15:53:18 0 [Note] Plugin 'FEEDBACK' is disabled.
2020-10-25 15:53:18 0 [Note] Recovering after a crash using tc.log
2020-10-25 15:53:18 0 [Note] Starting crash recovery...
2020-10-25 15:53:18 0 [Note] Crash recovery finished.
2020-10-25 15:53:18 0 [Note] Server socket created on IP: '0.0.0.0'.
2020-10-25 15:53:18 6 [Warning] Failed to load slave replication state from table mysql.gtid_slave_pos: 1932: Table 'mysql.gtid_slave_pos' doesn't exist in engine
2020-10-25 15:53:18 0 [Note] Reading of all Master_info entries succeded
2020-10-25 15:53:18 0 [Note] Added new Master_info '' to hash table
2020-10-25 15:53:18 0 [Note] /opt/zbox/run/mysql/mysqld: ready for connections.
Version: '10.3.13-MariaDB'  socket: '/opt/zbox/tmp/mysql/mysql.sock'  port: 3306  Source distribution
2020-10-25 15:56:46 8 [ERROR] mysqld: Table './zentao/zt_config' is marked as crashed and should be repaired
2020-10-25 15:56:46 8 [Warning] Checking table:   './zentao/zt_config'
2020-10-25 15:59:33 0 [Note] InnoDB: Using Linux native AIO
2020-10-25 15:59:33 0 [Note] InnoDB: Mutexes and rw_locks use GCC atomic builtins
2020-10-25 15:59:33 0 [Note] InnoDB: Uses event mutexes
2020-10-25 15:59:33 0 [Note] InnoDB: Compressed tables use zlib 1.2.11
2020-10-25 15:59:33 0 [Note] InnoDB: Number of pools: 1
2020-10-25 15:59:33 0 [Note] InnoDB: Using SSE2 crc32 instructions
2020-10-25 15:59:33 0 [Note] InnoDB: Initializing buffer pool, total size = 128M, instances = 1, chunk size = 128M
2020-10-25 15:59:33 0 [Note] InnoDB: Completed initialization of buffer pool
2020-10-25 15:59:33 0 [Note] InnoDB: If the mysqld execution user is authorized, page cleaner thread priority can be changed. See the man page of setpriority().
2020-10-25 15:59:33 0 [Note] InnoDB: Starting crash recovery from checkpoint LSN=1604076
2020-10-25 15:59:34 0 [Note] InnoDB: 128 out of 128 rollback segments are active.
2020-10-25 15:59:34 0 [Note] InnoDB: Removed temporary tablespace data file: "ibtmp1"
2020-10-25 15:59:34 0 [Note] InnoDB: Creating shared tablespace for temporary tables
2020-10-25 15:59:34 0 [Note] InnoDB: Setting file './ibtmp1' size to 12 MB. Physically writing the file full; Please wait ...
2020-10-25 15:59:34 0 [Note] InnoDB: File './ibtmp1' size is now 12 MB.
2020-10-25 15:59:34 0 [Note] InnoDB: 10.3.13 started; log sequence number 1604085; transaction id 9
2020-10-25 15:59:34 0 [Note] InnoDB: Loading buffer pool(s) from /opt/zbox/data/mysql/ib_buffer_pool
2020-10-25 15:59:34 0 [Note] InnoDB: Cannot open '/opt/zbox/data/mysql/ib_buffer_pool' for reading: No such file or directory
2020-10-25 15:59:34 0 [Note] Plugin 'FEEDBACK' is disabled.
2020-10-25 15:59:34 0 [Note] Recovering after a crash using tc.log
2020-10-25 15:59:34 0 [Note] Starting crash recovery...
2020-10-25 15:59:34 0 [Note] Crash recovery finished.
2020-10-25 15:59:34 0 [Note] Server socket created on IP: '0.0.0.0'.
2020-10-25 15:59:34 6 [Warning] Failed to load slave replication state from table mysql.gtid_slave_pos: 1932: Table 'mysql.gtid_slave_pos' doesn't exist in engine
2020-10-25 15:59:34 0 [Note] Reading of all Master_info entries succeded
2020-10-25 15:59:34 0 [Note] Added new Master_info '' to hash table
2020-10-25 15:59:34 0 [Note] /opt/zbox/run/mysql/mysqld: ready for connections.
Version: '10.3.13-MariaDB'  socket: '/opt/zbox/tmp/mysql/mysql.sock'  port: 3306  Source distribution
2020-10-25 16:05:18 12 [ERROR] mysqld: Table './zentao/zt_user' is marked as crashed and should be repaired
2020-10-25 16:05:18 12 [Warning] Checking table:   './zentao/zt_user'
2020-10-25 16:32:16 31 [ERROR] mysqld: Table './zentao/zt_group' is marked as crashed and should be repaired
2020-10-25 16:32:16 31 [Warning] Checking table:   './zentao/zt_group'
2020-10-25 16:32:16 31 [ERROR] mysqld: Table './zentao/zt_grouppriv' is marked as crashed and should be repaired
2020-10-25 16:32:16 31 [Warning] Checking table:   './zentao/zt_grouppriv'
